Using pre-set license
Built from '2020.3/staging' branch; Version is '2020.3.6f1 (338bb68529b2) revision 3378102'; Using compiler version '192528614'; Build Type 'Release'
OS: 'Windows 10 Pro N; OS build 19041.985; Version 2004; 64bit' Language: 'en' Physical Memory: 8108 MB
BatchMode: 1, IsHumanControllingUs: 0, StartBugReporterOnCrash: 0, Is64bit: 1, IsPro: 0

 COMMAND LINE ARGUMENTS:
C:\Program Files\Unity\Hub\Editor\2020.3.6f1\Editor\Unity.exe
-adb2
-batchMode
-noUpm
-name
AssetImportWorker1
-projectPath
D:/ADITYA/Codespace/Games/Colorcubo
-logFile
Logs/AssetImportWorker1.log
-srvPort
50894
Successfully changed project path to: D:/ADITYA/Codespace/Games/Colorcubo
D:/ADITYA/Codespace/Games/Colorcubo
Using Asset Import Pipeline V2.
Refreshing native plugins compatible for Editor in 62.90 ms, found 0 plugins.
Preloading 0 native plugins for Editor in 0.00 ms.
Initialize engine version: 2020.3.6f1 (338bb68529b2)
[Subsystems] Discovering subsystems at path C:/Program Files/Unity/Hub/Editor/2020.3.6f1/Editor/Data/Resources/UnitySubsystems
[Subsystems] Discovering subsystems at path D:/ADITYA/Codespace/Games/Colorcubo/Assets
GfxDevice: creating device client; threaded=0
Direct3D:
    Version:  Direct3D 11.0 [level 11.1]
    Renderer: Intel(R) UHD Graphics 620 (ID=0x5917)
    Vendor:   
    VRAM:     4054 MB
    Driver:   26.20.100.7925
Initialize mono
Mono path[0] = 'C:/Program Files/Unity/Hub/Editor/2020.3.6f1/Editor/Data/Managed'
Mono path[1] = 'C:/Program Files/Unity/Hub/Editor/2020.3.6f1/Editor/Data/MonoBleedingEdge/lib/mono/unityjit'
Mono config path = 'C:/Program Files/Unity/Hub/Editor/2020.3.6f1/Editor/Data/MonoBleedingEdge/etc'
Using monoOptions --debugger-agent=transport=dt_socket,embedding=1,server=y,suspend=n,address=127.0.0.1:56384
Begin MonoManager ReloadAssembly
Registering precompiled unity dll's ...
Register platform support module: C:/Program Files/Unity/Hub/Editor/2020.3.6f1/Editor/Data/PlaybackEngines/WindowsStandaloneSupport/UnityEditor.WindowsStandalone.Extensions.dll
Registered in 0.005397 seconds.
Native extension for WindowsStandalone target not found
Refreshing native plugins compatible for Editor in 78.07 ms, found 0 plugins.
Preloading 0 native plugins for Editor in 0.00 ms.
Mono: successfully reloaded assembly
- Completed reload, in  3.392 seconds
Platform modules already initialized, skipping
Registering precompiled user dll's ...
Registered in 0.002408 seconds.
Begin MonoManager ReloadAssembly
Native extension for WindowsStandalone target not found
Refreshing native plugins compatible for Editor in 0.33 ms, found 0 plugins.
Preloading 0 native plugins for Editor in 0.00 ms.
Mono: successfully reloaded assembly
- Completed reload, in  5.314 seconds
Platform modules already initialized, skipping
========================================================================
Worker process is ready to serve import requests
Launched and connected shader compiler UnityShaderCompiler.exe after 0.42 seconds
Refreshing native plugins compatible for Editor in 0.36 ms, found 0 plugins.
Preloading 0 native plugins for Editor in 0.00 ms.
Unloading 1119 Unused Serialized files (Serialized files now loaded: 0)
System memory in use before: 57.2 MB.
System memory in use after: 57.3 MB.

Unloading 9 unused Assets to reduce memory usage. Loaded Objects now: 1563.
Total: 6.649600 ms (FindLiveObjects: 0.405400 ms CreateObjectMapping: 0.173600 ms MarkObjects: 5.866400 ms  DeleteObjects: 0.201400 ms)

========================================================================
Received Import Request.
  path: Assets/Scripts/Score.cs
  artifactKey: Guid(31ae9c6fcd9996f4aaeae62186ba6e5a) Importer(815301076,1909f56bfc062723c751e8b465ee728b)
Start importing Assets/Scripts/Score.cs using Guid(31ae9c6fcd9996f4aaeae62186ba6e5a) Importer(815301076,1909f56bfc062723c751e8b465ee728b)  -> (artifact id: '213a48d1e271f0316d1b05f2085c5153') in 0.144865 seconds
  Import took 0.149387 seconds .

========================================================================
Received Prepare
Registering precompiled user dll's ...
Registered in 0.002139 seconds.
Begin MonoManager ReloadAssembly
Native extension for WindowsStandalone target not found
Refreshing native plugins compatible for Editor in 0.42 ms, found 0 plugins.
Preloading 0 native plugins for Editor in 0.00 ms.
Mono: successfully reloaded assembly
- Completed reload, in  2.035 seconds
Platform modules already initialized, skipping
Refreshing native plugins compatible for Editor in 0.35 ms, found 0 plugins.
Preloading 0 native plugins for Editor in 0.00 ms.
Unloading 1114 Unused Serialized files (Serialized files now loaded: 0)
System memory in use before: 57.1 MB.
System memory in use after: 57.2 MB.

Unloading 4 unused Assets to reduce memory usage. Loaded Objects now: 1566.
Total: 3.452100 ms (FindLiveObjects: 0.228800 ms CreateObjectMapping: 0.124200 ms MarkObjects: 3.063400 ms  DeleteObjects: 0.032800 ms)

========================================================================
Received Prepare
Registering precompiled user dll's ...
Registered in 0.001645 seconds.
Begin MonoManager ReloadAssembly
Native extension for WindowsStandalone target not found
Refreshing native plugins compatible for Editor in 0.33 ms, found 0 plugins.
Preloading 0 native plugins for Editor in 0.00 ms.
Mono: successfully reloaded assembly
- Completed reload, in  2.072 seconds
Platform modules already initialized, skipping
Refreshing native plugins compatible for Editor in 0.32 ms, found 0 plugins.
Preloading 0 native plugins for Editor in 0.00 ms.
Unloading 1114 Unused Serialized files (Serialized files now loaded: 0)
System memory in use before: 57.2 MB.
System memory in use after: 57.3 MB.

Unloading 4 unused Assets to reduce memory usage. Loaded Objects now: 1569.
Total: 5.108500 ms (FindLiveObjects: 0.299300 ms CreateObjectMapping: 0.073200 ms MarkObjects: 4.704300 ms  DeleteObjects: 0.029200 ms)

========================================================================
Received Prepare
Registering precompiled user dll's ...
Registered in 0.002466 seconds.
Begin MonoManager ReloadAssembly
Native extension for WindowsStandalone target not found
Refreshing native plugins compatible for Editor in 0.61 ms, found 0 plugins.
Preloading 0 native plugins for Editor in 0.00 ms.
Mono: successfully reloaded assembly
- Completed reload, in  2.014 seconds
Platform modules already initialized, skipping
Refreshing native plugins compatible for Editor in 0.48 ms, found 0 plugins.
Preloading 0 native plugins for Editor in 0.00 ms.
Unloading 1114 Unused Serialized files (Serialized files now loaded: 0)
System memory in use before: 57.2 MB.
System memory in use after: 57.3 MB.

Unloading 4 unused Assets to reduce memory usage. Loaded Objects now: 1572.
Total: 3.504200 ms (FindLiveObjects: 0.271800 ms CreateObjectMapping: 0.070300 ms MarkObjects: 3.128500 ms  DeleteObjects: 0.030600 ms)

========================================================================
Received Prepare
Registering precompiled user dll's ...
Registered in 0.001041 seconds.
Begin MonoManager ReloadAssembly
Native extension for WindowsStandalone target not found
Refreshing native plugins compatible for Editor in 0.48 ms, found 0 plugins.
Preloading 0 native plugins for Editor in 0.00 ms.
Mono: successfully reloaded assembly
- Completed reload, in  2.274 seconds
Platform modules already initialized, skipping
Refreshing native plugins compatible for Editor in 0.34 ms, found 0 plugins.
Preloading 0 native plugins for Editor in 0.00 ms.
Unloading 1114 Unused Serialized files (Serialized files now loaded: 0)
System memory in use before: 57.2 MB.
System memory in use after: 57.3 MB.

Unloading 4 unused Assets to reduce memory usage. Loaded Objects now: 1575.
Total: 5.859800 ms (FindLiveObjects: 0.697300 ms CreateObjectMapping: 0.226100 ms MarkObjects: 4.897200 ms  DeleteObjects: 0.028900 ms)

========================================================================
Received Prepare
Registering precompiled user dll's ...
Registered in 0.001546 seconds.
Begin MonoManager ReloadAssembly
Native extension for WindowsStandalone target not found
Refreshing native plugins compatible for Editor in 0.35 ms, found 0 plugins.
Preloading 0 native plugins for Editor in 0.00 ms.
Mono: successfully reloaded assembly
- Completed reload, in  1.676 seconds
Platform modules already initialized, skipping
Refreshing native plugins compatible for Editor in 0.34 ms, found 0 plugins.
Preloading 0 native plugins for Editor in 0.00 ms.
Unloading 1114 Unused Serialized files (Serialized files now loaded: 0)
System memory in use before: 57.2 MB.
System memory in use after: 57.3 MB.

Unloading 4 unused Assets to reduce memory usage. Loaded Objects now: 1578.
Total: 2.813200 ms (FindLiveObjects: 0.245000 ms CreateObjectMapping: 0.071600 ms MarkObjects: 2.467700 ms  DeleteObjects: 0.026700 ms)

========================================================================
Received Prepare
Registering precompiled user dll's ...
Registered in 0.000989 seconds.
Begin MonoManager ReloadAssembly
Native extension for WindowsStandalone target not found
Refreshing native plugins compatible for Editor in 0.33 ms, found 0 plugins.
Preloading 0 native plugins for Editor in 0.00 ms.
Mono: successfully reloaded assembly
- Completed reload, in  1.641 seconds
Platform modules already initialized, skipping
Refreshing native plugins compatible for Editor in 0.32 ms, found 0 plugins.
Preloading 0 native plugins for Editor in 0.00 ms.
Unloading 1114 Unused Serialized files (Serialized files now loaded: 0)
System memory in use before: 57.2 MB.
System memory in use after: 57.3 MB.

Unloading 4 unused Assets to reduce memory usage. Loaded Objects now: 1581.
Total: 3.377400 ms (FindLiveObjects: 0.192900 ms CreateObjectMapping: 0.062400 ms MarkObjects: 3.095500 ms  DeleteObjects: 0.024200 ms)

========================================================================
Received Prepare
Registering precompiled user dll's ...
Registered in 0.001010 seconds.
Begin MonoManager ReloadAssembly
Native extension for WindowsStandalone target not found
Refreshing native plugins compatible for Editor in 0.34 ms, found 0 plugins.
Preloading 0 native plugins for Editor in 0.00 ms.
Mono: successfully reloaded assembly
- Completed reload, in  1.698 seconds
Platform modules already initialized, skipping
Refreshing native plugins compatible for Editor in 0.32 ms, found 0 plugins.
Preloading 0 native plugins for Editor in 0.00 ms.
Unloading 1114 Unused Serialized files (Serialized files now loaded: 0)
System memory in use before: 57.2 MB.
System memory in use after: 57.3 MB.

Unloading 4 unused Assets to reduce memory usage. Loaded Objects now: 1584.
Total: 3.065700 ms (FindLiveObjects: 0.200800 ms CreateObjectMapping: 0.064300 ms MarkObjects: 2.772600 ms  DeleteObjects: 0.025500 ms)

========================================================================
Received Prepare
Registering precompiled user dll's ...
Registered in 0.001018 seconds.
Begin MonoManager ReloadAssembly
Native extension for WindowsStandalone target not found
Refreshing native plugins compatible for Editor in 0.32 ms, found 0 plugins.
Preloading 0 native plugins for Editor in 0.00 ms.
Mono: successfully reloaded assembly
- Completed reload, in  1.681 seconds
Platform modules already initialized, skipping
Refreshing native plugins compatible for Editor in 0.38 ms, found 0 plugins.
Preloading 0 native plugins for Editor in 0.00 ms.
Unloading 1114 Unused Serialized files (Serialized files now loaded: 0)
System memory in use before: 57.2 MB.
System memory in use after: 57.3 MB.

Unloading 4 unused Assets to reduce memory usage. Loaded Objects now: 1587.
Total: 3.275600 ms (FindLiveObjects: 0.238800 ms CreateObjectMapping: 0.066700 ms MarkObjects: 2.942400 ms  DeleteObjects: 0.025600 ms)

========================================================================
Received Prepare
Registering precompiled user dll's ...
Registered in 0.001145 seconds.
Begin MonoManager ReloadAssembly
Native extension for WindowsStandalone target not found
Refreshing native plugins compatible for Editor in 0.39 ms, found 0 plugins.
Preloading 0 native plugins for Editor in 0.00 ms.
Mono: successfully reloaded assembly
- Completed reload, in  1.769 seconds
Platform modules already initialized, skipping
Refreshing native plugins compatible for Editor in 0.34 ms, found 0 plugins.
Preloading 0 native plugins for Editor in 0.00 ms.
Unloading 1114 Unused Serialized files (Serialized files now loaded: 0)
System memory in use before: 57.2 MB.
System memory in use after: 57.3 MB.

Unloading 4 unused Assets to reduce memory usage. Loaded Objects now: 1590.
Total: 5.009600 ms (FindLiveObjects: 0.329000 ms CreateObjectMapping: 0.154300 ms MarkObjects: 4.493900 ms  DeleteObjects: 0.028800 ms)

========================================================================
Received Prepare
Registering precompiled user dll's ...
Registered in 0.001131 seconds.
Begin MonoManager ReloadAssembly
Native extension for WindowsStandalone target not found
Refreshing native plugins compatible for Editor in 2.22 ms, found 0 plugins.
Preloading 0 native plugins for Editor in 0.00 ms.
Mono: successfully reloaded assembly
- Completed reload, in  2.333 seconds
Platform modules already initialized, skipping
Refreshing native plugins compatible for Editor in 0.32 ms, found 0 plugins.
Preloading 0 native plugins for Editor in 0.00 ms.
Unloading 1114 Unused Serialized files (Serialized files now loaded: 0)
System memory in use before: 57.2 MB.
System memory in use after: 57.3 MB.

Unloading 4 unused Assets to reduce memory usage. Loaded Objects now: 1593.
Total: 5.152000 ms (FindLiveObjects: 0.345000 ms CreateObjectMapping: 0.101300 ms MarkObjects: 4.674100 ms  DeleteObjects: 0.027700 ms)

========================================================================
Received Prepare
Registering precompiled user dll's ...
Registered in 0.001708 seconds.
Begin MonoManager ReloadAssembly
Native extension for WindowsStandalone target not found
Refreshing native plugins compatible for Editor in 0.94 ms, found 0 plugins.
Preloading 0 native plugins for Editor in 0.00 ms.
Mono: successfully reloaded assembly
- Completed reload, in  2.066 seconds
Platform modules already initialized, skipping
Refreshing native plugins compatible for Editor in 0.35 ms, found 0 plugins.
Preloading 0 native plugins for Editor in 0.00 ms.
Unloading 1114 Unused Serialized files (Serialized files now loaded: 0)
System memory in use before: 57.2 MB.
System memory in use after: 57.3 MB.

Unloading 4 unused Assets to reduce memory usage. Loaded Objects now: 1596.
Total: 4.607700 ms (FindLiveObjects: 0.352600 ms CreateObjectMapping: 0.131700 ms MarkObjects: 4.084600 ms  DeleteObjects: 0.035300 ms)

========================================================================
Received Prepare
Registering precompiled user dll's ...
Registered in 0.002148 seconds.
Begin MonoManager ReloadAssembly
Native extension for WindowsStandalone target not found
Refreshing native plugins compatible for Editor in 0.34 ms, found 0 plugins.
Preloading 0 native plugins for Editor in 0.00 ms.
Mono: successfully reloaded assembly
- Completed reload, in  2.617 seconds
Platform modules already initialized, skipping
Refreshing native plugins compatible for Editor in 0.31 ms, found 0 plugins.
Preloading 0 native plugins for Editor in 0.00 ms.
Unloading 1114 Unused Serialized files (Serialized files now loaded: 0)
System memory in use before: 57.2 MB.
System memory in use after: 57.3 MB.

Unloading 4 unused Assets to reduce memory usage. Loaded Objects now: 1599.
Total: 2.629600 ms (FindLiveObjects: 0.202700 ms CreateObjectMapping: 0.065800 ms MarkObjects: 2.335600 ms  DeleteObjects: 0.023800 ms)

========================================================================
Received Prepare
Registering precompiled user dll's ...
Registered in 0.001054 seconds.
Begin MonoManager ReloadAssembly
Native extension for WindowsStandalone target not found
Refreshing native plugins compatible for Editor in 0.34 ms, found 0 plugins.
Preloading 0 native plugins for Editor in 0.00 ms.
Mono: successfully reloaded assembly
- Completed reload, in  1.791 seconds
Platform modules already initialized, skipping
Refreshing native plugins compatible for Editor in 0.34 ms, found 0 plugins.
Preloading 0 native plugins for Editor in 0.00 ms.
Unloading 1114 Unused Serialized files (Serialized files now loaded: 0)
System memory in use before: 57.2 MB.
System memory in use after: 57.3 MB.

Unloading 4 unused Assets to reduce memory usage. Loaded Objects now: 1602.
Total: 2.954500 ms (FindLiveObjects: 0.199600 ms CreateObjectMapping: 0.066400 ms MarkObjects: 2.660500 ms  DeleteObjects: 0.025700 ms)

========================================================================
Received Prepare
Registering precompiled user dll's ...
Registered in 0.001014 seconds.
Begin MonoManager ReloadAssembly
Native extension for WindowsStandalone target not found
Refreshing native plugins compatible for Editor in 0.54 ms, found 0 plugins.
Preloading 0 native plugins for Editor in 0.00 ms.
Mono: successfully reloaded assembly
- Completed reload, in  2.251 seconds
Platform modules already initialized, skipping
Refreshing native plugins compatible for Editor in 0.32 ms, found 0 plugins.
Preloading 0 native plugins for Editor in 0.00 ms.
Unloading 1114 Unused Serialized files (Serialized files now loaded: 0)
System memory in use before: 57.2 MB.
System memory in use after: 57.3 MB.

Unloading 4 unused Assets to reduce memory usage. Loaded Objects now: 1605.
Total: 4.054300 ms (FindLiveObjects: 0.329300 ms CreateObjectMapping: 0.116200 ms MarkObjects: 3.549500 ms  DeleteObjects: 0.057300 ms)

========================================================================
Received Prepare
Registering precompiled user dll's ...
Registered in 0.001067 seconds.
Begin MonoManager ReloadAssembly
Native extension for WindowsStandalone target not found
Refreshing native plugins compatible for Editor in 0.33 ms, found 0 plugins.
Preloading 0 native plugins for Editor in 0.00 ms.
Mono: successfully reloaded assembly
- Completed reload, in  2.450 seconds
Platform modules already initialized, skipping
Refreshing native plugins compatible for Editor in 0.34 ms, found 0 plugins.
Preloading 0 native plugins for Editor in 0.00 ms.
Unloading 1114 Unused Serialized files (Serialized files now loaded: 0)
System memory in use before: 57.2 MB.
System memory in use after: 57.3 MB.

Unloading 4 unused Assets to reduce memory usage. Loaded Objects now: 1608.
Total: 3.950000 ms (FindLiveObjects: 0.297700 ms CreateObjectMapping: 0.105400 ms MarkObjects: 3.517000 ms  DeleteObjects: 0.027100 ms)

========================================================================
Received Prepare
Registering precompiled user dll's ...
Registered in 0.001211 seconds.
Begin MonoManager ReloadAssembly
Native extension for WindowsStandalone target not found
Refreshing native plugins compatible for Editor in 0.33 ms, found 0 plugins.
Preloading 0 native plugins for Editor in 0.00 ms.
Mono: successfully reloaded assembly
- Completed reload, in  2.002 seconds
Platform modules already initialized, skipping
Refreshing native plugins compatible for Editor in 0.41 ms, found 0 plugins.
Preloading 0 native plugins for Editor in 0.00 ms.
Unloading 1114 Unused Serialized files (Serialized files now loaded: 0)
System memory in use before: 57.3 MB.
System memory in use after: 57.3 MB.

Unloading 4 unused Assets to reduce memory usage. Loaded Objects now: 1611.
Total: 3.313300 ms (FindLiveObjects: 0.495300 ms CreateObjectMapping: 0.250500 ms MarkObjects: 2.534000 ms  DeleteObjects: 0.029900 ms)

========================================================================
Received Import Request.
  Time since last request: 1779.033879 seconds.
  path: Assets/Animation
  artifactKey: Guid(92d9dac0488f15d4887e7442bc0c4ab7) Importer(815301076,1909f56bfc062723c751e8b465ee728b)
Start importing Assets/Animation using Guid(92d9dac0488f15d4887e7442bc0c4ab7) Importer(815301076,1909f56bfc062723c751e8b465ee728b)  -> (artifact id: '93e444da642d5dd4e774de0e1c2a2144') in 0.024771 seconds
  Import took 0.046337 seconds .

========================================================================
Received Import Request.
  Time since last request: 0.015634 seconds.
  path: Assets/Animation
  artifactKey: Guid(92d9dac0488f15d4887e7442bc0c4ab7) Importer(815301076,1909f56bfc062723c751e8b465ee728b)
Start importing Assets/Animation using Guid(92d9dac0488f15d4887e7442bc0c4ab7) Importer(815301076,1909f56bfc062723c751e8b465ee728b)  -> (artifact id: '93e444da642d5dd4e774de0e1c2a2144') in 0.004017 seconds
  Import took 0.026815 seconds .

========================================================================
Received Import Request.
  Time since last request: 1.729429 seconds.
  path: Assets/Animation/Blink Animation.anim
  artifactKey: Guid(8174475bfa699f142860bb36cf72a9ab) Importer(815301076,1909f56bfc062723c751e8b465ee728b)
Start importing Assets/Animation/Blink Animation.anim using Guid(8174475bfa699f142860bb36cf72a9ab) Importer(815301076,1909f56bfc062723c751e8b465ee728b)  -> (artifact id: 'de5724b3f9f75129a0c96f2540eac8a6') in 0.078406 seconds
  Import took 0.082812 seconds .

========================================================================
Received Import Request.
  Time since last request: 0.014485 seconds.
  path: Assets/Animation/Blink Animation.anim
  artifactKey: Guid(8174475bfa699f142860bb36cf72a9ab) Importer(815301076,1909f56bfc062723c751e8b465ee728b)
Start importing Assets/Animation/Blink Animation.anim using Guid(8174475bfa699f142860bb36cf72a9ab) Importer(815301076,1909f56bfc062723c751e8b465ee728b)  -> (artifact id: 'de5724b3f9f75129a0c96f2540eac8a6') in 0.005514 seconds
  Import took 0.013800 seconds .

========================================================================
Received Prepare
Registering precompiled user dll's ...
Registered in 0.001058 seconds.
Begin MonoManager ReloadAssembly
Native extension for WindowsStandalone target not found
Refreshing native plugins compatible for Editor in 0.35 ms, found 0 plugins.
Preloading 0 native plugins for Editor in 0.00 ms.
Mono: successfully reloaded assembly
- Completed reload, in  1.634 seconds
Platform modules already initialized, skipping
Refreshing native plugins compatible for Editor in 0.36 ms, found 0 plugins.
Preloading 0 native plugins for Editor in 0.00 ms.
Unloading 1114 Unused Serialized files (Serialized files now loaded: 0)
System memory in use before: 57.3 MB.
System memory in use after: 57.4 MB.

Unloading 4 unused Assets to reduce memory usage. Loaded Objects now: 1614.
Total: 4.153200 ms (FindLiveObjects: 0.199800 ms CreateObjectMapping: 0.063900 ms MarkObjects: 3.814400 ms  DeleteObjects: 0.070800 ms)

========================================================================
Received Prepare
Registering precompiled user dll's ...
Registered in 0.001043 seconds.
Begin MonoManager ReloadAssembly
Native extension for WindowsStandalone target not found
Refreshing native plugins compatible for Editor in 0.36 ms, found 0 plugins.
Preloading 0 native plugins for Editor in 0.00 ms.
Mono: successfully reloaded assembly
- Completed reload, in  1.763 seconds
Platform modules already initialized, skipping
Refreshing native plugins compatible for Editor in 0.33 ms, found 0 plugins.
Preloading 0 native plugins for Editor in 0.00 ms.
Unloading 1114 Unused Serialized files (Serialized files now loaded: 0)
System memory in use before: 57.3 MB.
System memory in use after: 57.4 MB.

Unloading 4 unused Assets to reduce memory usage. Loaded Objects now: 1617.
Total: 3.381400 ms (FindLiveObjects: 0.386200 ms CreateObjectMapping: 0.175600 ms MarkObjects: 2.788400 ms  DeleteObjects: 0.027600 ms)

========================================================================
Received Prepare
Registering precompiled user dll's ...
Registered in 0.001138 seconds.
Begin MonoManager ReloadAssembly
Native extension for WindowsStandalone target not found
Refreshing native plugins compatible for Editor in 0.34 ms, found 0 plugins.
Preloading 0 native plugins for Editor in 0.00 ms.
Mono: successfully reloaded assembly
- Completed reload, in  1.568 seconds
Platform modules already initialized, skipping
Refreshing native plugins compatible for Editor in 0.31 ms, found 0 plugins.
Preloading 0 native plugins for Editor in 0.00 ms.
Unloading 1114 Unused Serialized files (Serialized files now loaded: 0)
System memory in use before: 57.3 MB.
System memory in use after: 57.4 MB.

Unloading 4 unused Assets to reduce memory usage. Loaded Objects now: 1620.
Total: 2.930300 ms (FindLiveObjects: 0.216000 ms CreateObjectMapping: 0.082100 ms MarkObjects: 2.605700 ms  DeleteObjects: 0.023800 ms)

========================================================================
Received Prepare
Registering precompiled user dll's ...
Registered in 0.001063 seconds.
Begin MonoManager ReloadAssembly
Native extension for WindowsStandalone target not found
Refreshing native plugins compatible for Editor in 0.37 ms, found 0 plugins.
Preloading 0 native plugins for Editor in 0.00 ms.
Mono: successfully reloaded assembly
- Completed reload, in  3.471 seconds
Platform modules already initialized, skipping
Refreshing native plugins compatible for Editor in 1.20 ms, found 0 plugins.
Preloading 0 native plugins for Editor in 0.00 ms.
Unloading 1114 Unused Serialized files (Serialized files now loaded: 0)
System memory in use before: 57.3 MB.
System memory in use after: 57.4 MB.

Unloading 4 unused Assets to reduce memory usage. Loaded Objects now: 1623.
Total: 5.995700 ms (FindLiveObjects: 1.613900 ms CreateObjectMapping: 0.690200 ms MarkObjects: 3.590100 ms  DeleteObjects: 0.093100 ms)

========================================================================
Received Import Request.
  Time since last request: 711.050774 seconds.
  path: Assets/Animation/Slide Animation.anim
  artifactKey: Guid(9e4c235d218bedd4d98bed7ea0d1ca21) Importer(815301076,1909f56bfc062723c751e8b465ee728b)
Start importing Assets/Animation/Slide Animation.anim using Guid(9e4c235d218bedd4d98bed7ea0d1ca21) Importer(815301076,1909f56bfc062723c751e8b465ee728b)  -> (artifact id: 'ec8b9b57567ede80e1add1eb85e4d57f') in 0.032275 seconds
  Import took 0.082195 seconds .

========================================================================
Received Prepare
Registering precompiled user dll's ...
Registered in 0.001127 seconds.
Begin MonoManager ReloadAssembly
Native extension for WindowsStandalone target not found
Refreshing native plugins compatible for Editor in 0.61 ms, found 0 plugins.
Preloading 0 native plugins for Editor in 0.00 ms.
Mono: successfully reloaded assembly
- Completed reload, in  1.946 seconds
Platform modules already initialized, skipping
Refreshing native plugins compatible for Editor in 0.34 ms, found 0 plugins.
Preloading 0 native plugins for Editor in 0.00 ms.
Unloading 1114 Unused Serialized files (Serialized files now loaded: 0)
System memory in use before: 57.3 MB.
System memory in use after: 57.4 MB.

Unloading 4 unused Assets to reduce memory usage. Loaded Objects now: 1626.
Total: 4.945000 ms (FindLiveObjects: 1.888900 ms CreateObjectMapping: 0.179700 ms MarkObjects: 2.844700 ms  DeleteObjects: 0.028400 ms)

========================================================================
Received Import Request.
  Time since last request: 323.301936 seconds.
  path: Assets/Music
  artifactKey: Guid(e7d094911b052734f85d7e8e9704be30) Importer(815301076,1909f56bfc062723c751e8b465ee728b)
Start importing Assets/Music using Guid(e7d094911b052734f85d7e8e9704be30) Importer(815301076,1909f56bfc062723c751e8b465ee728b)  -> (artifact id: 'd9cf45f471321a91630b65b61b9ec4dd') in 0.020631 seconds
  Import took 0.071408 seconds .

========================================================================
Received Import Request.
  Time since last request: 0.000466 seconds.
  path: Assets/Music/collect.wav
  artifactKey: Guid(7e962db8b5e19ac43847d330abf216ce) Importer(815301076,1909f56bfc062723c751e8b465ee728b)
Start importing Assets/Music/collect.wav using Guid(7e962db8b5e19ac43847d330abf216ce) Importer(815301076,1909f56bfc062723c751e8b465ee728b)  -> (artifact id: '94105ef8a4af827f12db0b56cb36b769') in 0.296693 seconds
  Import took 0.300135 seconds .

========================================================================
Received Import Request.
  Time since last request: 0.000409 seconds.
  path: Assets/Music/GameOver.wav
  artifactKey: Guid(2a50ad133a2b30e41acca3067b4ed91d) Importer(815301076,1909f56bfc062723c751e8b465ee728b)
Start importing Assets/Music/GameOver.wav using Guid(2a50ad133a2b30e41acca3067b4ed91d) Importer(815301076,1909f56bfc062723c751e8b465ee728b)  -> (artifact id: 'dc526d7e01dd7b043c7980949339f389') in 0.041069 seconds
  Import took 0.047542 seconds .

========================================================================
Received Import Request.
  Time since last request: 12.019482 seconds.
  path: Assets/SoundFx
  artifactKey: Guid(e7d094911b052734f85d7e8e9704be30) Importer(815301076,1909f56bfc062723c751e8b465ee728b)
Start importing Assets/SoundFx using Guid(e7d094911b052734f85d7e8e9704be30) Importer(815301076,1909f56bfc062723c751e8b465ee728b)  -> (artifact id: '7b6c68df36d8055ab77e24baa9e8480f') in 0.014311 seconds
  Import took 0.022945 seconds .

========================================================================
Received Import Request.
  Time since last request: 43.466186 seconds.
  path: Assets/SoundFx/Collect.wav
  artifactKey: Guid(7e962db8b5e19ac43847d330abf216ce) Importer(815301076,1909f56bfc062723c751e8b465ee728b)
Start importing Assets/SoundFx/Collect.wav using Guid(7e962db8b5e19ac43847d330abf216ce) Importer(815301076,1909f56bfc062723c751e8b465ee728b)  -> (artifact id: 'b97447b8f0b3622782c6c511f5e8c71c') in 0.032161 seconds
  Import took 0.077029 seconds .

========================================================================
Received Prepare
Registering precompiled user dll's ...
Registered in 0.001011 seconds.
Begin MonoManager ReloadAssembly
Native extension for WindowsStandalone target not found
Refreshing native plugins compatible for Editor in 0.32 ms, found 0 plugins.
Preloading 0 native plugins for Editor in 0.00 ms.
Mono: successfully reloaded assembly
- Completed reload, in  2.377 seconds
Platform modules already initialized, skipping
Refreshing native plugins compatible for Editor in 0.36 ms, found 0 plugins.
Preloading 0 native plugins for Editor in 0.00 ms.
Unloading 1114 Unused Serialized files (Serialized files now loaded: 0)
System memory in use before: 60.4 MB.
System memory in use after: 60.5 MB.

Unloading 4 unused Assets to reduce memory usage. Loaded Objects now: 1638.
Total: 3.495700 ms (FindLiveObjects: 0.326100 ms CreateObjectMapping: 0.215800 ms MarkObjects: 2.922300 ms  DeleteObjects: 0.027600 ms)

========================================================================
Received Prepare
Registering precompiled user dll's ...
Registered in 0.001383 seconds.
Begin MonoManager ReloadAssembly
Native extension for WindowsStandalone target not found
Refreshing native plugins compatible for Editor in 0.34 ms, found 0 plugins.
Preloading 0 native plugins for Editor in 0.00 ms.
Mono: successfully reloaded assembly
- Completed reload, in  2.464 seconds
Platform modules already initialized, skipping
Refreshing native plugins compatible for Editor in 0.36 ms, found 0 plugins.
Preloading 0 native plugins for Editor in 0.00 ms.
Unloading 1114 Unused Serialized files (Serialized files now loaded: 0)
System memory in use before: 60.4 MB.
System memory in use after: 60.5 MB.

Unloading 4 unused Assets to reduce memory usage. Loaded Objects now: 1641.
Total: 3.017600 ms (FindLiveObjects: 0.211300 ms CreateObjectMapping: 0.063400 ms MarkObjects: 2.713900 ms  DeleteObjects: 0.025900 ms)

========================================================================
Received Prepare
Registering precompiled user dll's ...
Registered in 0.001031 seconds.
Begin MonoManager ReloadAssembly
Native extension for WindowsStandalone target not found
Refreshing native plugins compatible for Editor in 0.42 ms, found 0 plugins.
Preloading 0 native plugins for Editor in 0.00 ms.
Mono: successfully reloaded assembly
- Completed reload, in  1.857 seconds
Platform modules already initialized, skipping
Refreshing native plugins compatible for Editor in 0.39 ms, found 0 plugins.
Preloading 0 native plugins for Editor in 0.00 ms.
Unloading 1114 Unused Serialized files (Serialized files now loaded: 0)
System memory in use before: 60.4 MB.
System memory in use after: 60.5 MB.

Unloading 4 unused Assets to reduce memory usage. Loaded Objects now: 1644.
Total: 3.629800 ms (FindLiveObjects: 0.536700 ms CreateObjectMapping: 0.145100 ms MarkObjects: 2.916400 ms  DeleteObjects: 0.026600 ms)

========================================================================
Received Prepare
Registering precompiled user dll's ...
Registered in 0.001093 seconds.
Begin MonoManager ReloadAssembly
Native extension for WindowsStandalone target not found
Refreshing native plugins compatible for Editor in 0.35 ms, found 0 plugins.
Preloading 0 native plugins for Editor in 0.00 ms.
Mono: successfully reloaded assembly
- Completed reload, in  2.026 seconds
Platform modules already initialized, skipping
Refreshing native plugins compatible for Editor in 0.31 ms, found 0 plugins.
Preloading 0 native plugins for Editor in 0.00 ms.
Unloading 1114 Unused Serialized files (Serialized files now loaded: 0)
System memory in use before: 60.4 MB.
System memory in use after: 60.5 MB.

Unloading 4 unused Assets to reduce memory usage. Loaded Objects now: 1647.
Total: 2.931100 ms (FindLiveObjects: 0.238300 ms CreateObjectMapping: 0.077600 ms MarkObjects: 2.578200 ms  DeleteObjects: 0.033800 ms)

========================================================================
Received Prepare
Registering precompiled user dll's ...
Registered in 0.001192 seconds.
Begin MonoManager ReloadAssembly
Native extension for WindowsStandalone target not found
Refreshing native plugins compatible for Editor in 0.38 ms, found 0 plugins.
Preloading 0 native plugins for Editor in 0.00 ms.
Mono: successfully reloaded assembly
- Completed reload, in  2.397 seconds
Platform modules already initialized, skipping
Refreshing native plugins compatible for Editor in 0.34 ms, found 0 plugins.
Preloading 0 native plugins for Editor in 0.00 ms.
Unloading 1114 Unused Serialized files (Serialized files now loaded: 0)
System memory in use before: 60.4 MB.
System memory in use after: 60.5 MB.

Unloading 4 unused Assets to reduce memory usage. Loaded Objects now: 1650.
Total: 5.080100 ms (FindLiveObjects: 0.529400 ms CreateObjectMapping: 0.149200 ms MarkObjects: 4.372400 ms  DeleteObjects: 0.025700 ms)

========================================================================
Received Prepare
Registering precompiled user dll's ...
Registered in 0.001338 seconds.
Begin MonoManager ReloadAssembly
Native extension for WindowsStandalone target not found
Refreshing native plugins compatible for Editor in 0.41 ms, found 0 plugins.
Preloading 0 native plugins for Editor in 0.00 ms.
Mono: successfully reloaded assembly
- Completed reload, in  2.000 seconds
Platform modules already initialized, skipping
Refreshing native plugins compatible for Editor in 0.32 ms, found 0 plugins.
Preloading 0 native plugins for Editor in 0.00 ms.
Unloading 1114 Unused Serialized files (Serialized files now loaded: 0)
System memory in use before: 60.5 MB.
System memory in use after: 60.5 MB.

Unloading 4 unused Assets to reduce memory usage. Loaded Objects now: 1653.
Total: 3.305500 ms (FindLiveObjects: 0.416100 ms CreateObjectMapping: 0.119400 ms MarkObjects: 2.738800 ms  DeleteObjects: 0.028700 ms)

========================================================================
Received Prepare
Registering precompiled user dll's ...
Registered in 0.001446 seconds.
Begin MonoManager ReloadAssembly
Native extension for WindowsStandalone target not found
Refreshing native plugins compatible for Editor in 0.40 ms, found 0 plugins.
Preloading 0 native plugins for Editor in 0.00 ms.
Mono: successfully reloaded assembly
- Completed reload, in  2.004 seconds
Platform modules already initialized, skipping
Refreshing native plugins compatible for Editor in 0.33 ms, found 0 plugins.
Preloading 0 native plugins for Editor in 0.00 ms.
Unloading 1114 Unused Serialized files (Serialized files now loaded: 0)
System memory in use before: 60.5 MB.
System memory in use after: 60.5 MB.

Unloading 4 unused Assets to reduce memory usage. Loaded Objects now: 1656.
Total: 5.811800 ms (FindLiveObjects: 0.716400 ms CreateObjectMapping: 0.356400 ms MarkObjects: 4.682400 ms  DeleteObjects: 0.028500 ms)

========================================================================
Received Import Request.
  Time since last request: 1851.707223 seconds.
  path: Assets/logo cube runner.png
  artifactKey: Guid(8fc6f2e4598022a43901a1f52d4fe131) Importer(815301076,1909f56bfc062723c751e8b465ee728b)
Start importing Assets/logo cube runner.png using Guid(8fc6f2e4598022a43901a1f52d4fe131) Importer(815301076,1909f56bfc062723c751e8b465ee728b)  -> (artifact id: 'f511298f57c0a5b1aff9c065bb0c3c0e') in 0.345604 seconds
  Import took 0.371517 seconds .

========================================================================
Received Import Request.
  Time since last request: 16.303348 seconds.
  path: Assets/logo cube runner.png
  artifactKey: Guid(8fc6f2e4598022a43901a1f52d4fe131) Importer(815301076,1909f56bfc062723c751e8b465ee728b)
Start importing Assets/logo cube runner.png using Guid(8fc6f2e4598022a43901a1f52d4fe131) Importer(815301076,1909f56bfc062723c751e8b465ee728b)  -> (artifact id: 'f9940118709258f35b8ff60e7d2bc2b1') in 0.115201 seconds
  Import took 0.138357 seconds .

========================================================================
Received Import Request.
  Time since last request: 0.046327 seconds.
  path: Assets/logo cube runner.png
  artifactKey: Guid(8fc6f2e4598022a43901a1f52d4fe131) Importer(815301076,1909f56bfc062723c751e8b465ee728b)
Start importing Assets/logo cube runner.png using Guid(8fc6f2e4598022a43901a1f52d4fe131) Importer(815301076,1909f56bfc062723c751e8b465ee728b)  -> (artifact id: 'f9940118709258f35b8ff60e7d2bc2b1') in 0.029228 seconds
  Import took 0.036960 seconds .

========================================================================
Received Prepare
Refreshing native plugins compatible for Editor in 1.64 ms, found 0 plugins.
Preloading 0 native plugins for Editor in 0.00 ms.
Unloading 3 Unused Serialized files (Serialized files now loaded: 0)
System memory in use before: 38.5 MB.
System memory in use after: 38.6 MB.

Unloading 2 unused Assets to reduce memory usage. Loaded Objects now: 1660.
Total: 4.838200 ms (FindLiveObjects: 0.243700 ms CreateObjectMapping: 0.085100 ms MarkObjects: 4.483500 ms  DeleteObjects: 0.023400 ms)

========================================================================
Received Prepare
Refreshing native plugins compatible for Editor in 1.12 ms, found 0 plugins.
Preloading 0 native plugins for Editor in 0.00 ms.
Unloading 3 Unused Serialized files (Serialized files now loaded: 0)
System memory in use before: 38.7 MB.
System memory in use after: 38.8 MB.

Unloading 2 unused Assets to reduce memory usage. Loaded Objects now: 1660.
Total: 5.197500 ms (FindLiveObjects: 0.279900 ms CreateObjectMapping: 0.064900 ms MarkObjects: 4.823400 ms  DeleteObjects: 0.026300 ms)

AssetImportWorkerClient::OnTransportError - code=2 error=End of file
